--- Startup times for process: Primary (or UI client) ---

times in msec
 clock   self+sourced   self:  sourced script
 clock   elapsed:              other lines

000.002  000.002: --- NVIM STARTING ---
000.380  000.378: event init
000.616  000.236: early init
000.706  000.089: locale set
000.831  000.125: init first window
002.168  001.338: inits 1
002.187  000.019: window checked
002.193  000.005: parsing arguments
003.658  000.127  000.127: require('vim.shared')
003.922  000.114  000.114: require('vim.inspect')
004.086  000.137  000.137: require('vim._options')
004.092  000.426  000.174: require('vim._editor')
004.096  000.667  000.115: require('vim._init_packages')
004.103  001.243: init lua interpreter
008.035  003.933: nvim_ui_attach
009.545  001.510: nvim_set_client_info
009.550  000.005: --- NVIM STARTED ---

--- Startup times for process: Embedded ---

times in msec
 clock   self+sourced   self:  sourced script
 clock   elapsed:              other lines

000.001  000.001: --- NVIM STARTING ---
000.176  000.175: event init
000.285  000.109: early init
000.334  000.050: locale set
000.393  000.059: init first window
000.905  000.512: inits 1
000.921  000.016: window checked
000.928  000.007: parsing arguments
001.544  000.059  000.059: require('vim.shared')
001.656  000.051  000.051: require('vim.inspect')
001.713  000.046  000.046: require('vim._options')
001.715  000.167  000.071: require('vim._editor')
001.717  000.252  000.026: require('vim._init_packages')
001.720  000.540: init lua interpreter
001.789  000.069: expanding arguments
001.823  000.034: inits 2
002.188  000.365: init highlight
002.189  000.001: waiting for UI
002.361  000.172: done waiting for UI
002.372  000.011: clear screen
002.501  000.014  000.014: require('vim.keymap')
003.717  001.343  001.329: require('vim._defaults')
003.722  000.007: init default mappings & autocommands
004.406  000.062  000.062: sourcing /usr/local/share/nvim/runtime/ftplugin.vim
004.488  000.034  000.034: sourcing /usr/local/share/nvim/runtime/indent.vim
004.667  000.124  000.124: sourcing /usr/share/nvim/archlinux.lua
004.673  000.153  000.029: sourcing /etc/xdg/nvim/sysinit.vim
005.517  000.581  000.581: require('configs.lazy')
005.651  000.131  000.131: require('lazy')
005.678  000.014  000.014: require('ffi')
005.758  000.017  000.017: require('vim.fs')
005.871  000.107  000.107: require('vim.uri')
005.884  000.203  000.079: require('vim.loader')
006.091  000.188  000.188: require('lazy.stats')
006.246  000.135  000.135: require('lazy.core.util')
006.393  000.144  000.144: require('lazy.core.config')
006.645  000.126  000.126: require('lazy.core.handler')
007.065  000.095  000.095: require('lazy.pkg')
007.071  000.277  000.182: require('lazy.core.meta')
007.081  000.433  000.157: require('lazy.core.plugin')
007.091  000.695  000.135: require('lazy.core.loader')
008.029  000.153  000.153: require('lazy.core.fragments')
009.242  000.061  000.061: require('lazy.core.handler.event')
009.369  000.122  000.122: require('lazy.core.handler.keys')
009.525  000.152  000.152: require('lazy.core.handler.ft')
009.576  000.047  000.047: require('lazy.core.handler.cmd')
010.037  000.258  000.258: sourcing /usr/local/share/nvim/runtime/filetype.lua
011.150  000.374  000.374: require('kanagawa')
011.328  000.607  000.233: require('configs.kanagawa')
011.516  000.072  000.072: require('kanagawa.utils')
016.443  005.017  004.945: sourcing /home/araujo/.local/share/nvim/lazy/kanagawa.nvim/colors/kanagawa.vim
016.808  000.208  000.208: sourcing /usr/local/share/nvim/runtime/plugin/matchparen.vim
016.931  000.078  000.078: sourcing /usr/local/share/nvim/runtime/plugin/shada.vim
017.801  000.688  000.688: require('keymaps')
018.071  000.266  000.266: require('options')
018.124  013.413  003.662: sourcing /home/araujo/.config/nvim/init.lua
018.137  000.754: sourcing vimrc file(s)
018.244  000.040  000.040: sourcing /usr/local/share/nvim/runtime/filetype.lua
018.485  000.080  000.080: sourcing /usr/local/share/nvim/runtime/syntax/synload.vim
018.583  000.278  000.198: sourcing /usr/local/share/nvim/runtime/syntax/syntax.vim
018.597  000.141: inits 3
018.673  000.077: opening buffers
018.684  000.011: BufEnter autocommands
018.689  000.004: editing files in windows
019.198  000.392  000.392: require('mini.hipatterns')
019.592  000.381  000.381: require('mini.diff')
019.880  000.192  000.192: require('vim.health')
019.884  000.285  000.093: require('vim.deprecated.health')
020.122  000.134  000.134: require('vim.iter')
020.610  000.006  000.006: require('vim.F')
022.206  001.209  001.209: require('mini.icons')
024.309  001.213  001.213: require('vim.filetype')
025.575  000.129  000.129: require('mini.statusline')
026.115  000.064  000.064: require('mini.trailspace')
026.389  000.139  000.139: require('mini.tabline')
026.584  003.945: VimEnter autocommands
026.666  000.081: UIEnter autocommands
027.025  000.288  000.288: sourcing /usr/local/share/nvim/runtime/autoload/provider/clipboard.vim
027.032  000.078: before starting main loop
027.844  000.288  000.288: require('vim.diagnostic')
028.179  000.859: first screen update
028.181  000.002: --- NVIM STARTED ---

